Using pre-set license
Built from '2020.3/release' branch; Version is '2020.3.7f1 (dd97f2c94397) revision 14522354'; Using compiler version '192528614'; Build Type 'Release'
OS: 'Windows 10 Home Single Language; OS build 19042.1165; Version 2009; 64bit' Language: 'pt' Physical Memory: 16285 MB
BatchMode: 1, IsHumanControllingUs: 0, StartBugReporterOnCrash: 0, Is64bit: 1, IsPro: 0

 COMMAND LINE ARGUMENTS:
C:\Program Files\2020.3.7f1\Editor\Unity.exe
-adb2
-batchMode
-noUpm
-name
AssetImportWorker5
-projectPath
C:/Trabalhos/Clothes Shop
-logFile
Logs/AssetImportWorker5.log
-srvPort
60898
Successfully changed project path to: C:/Trabalhos/Clothes Shop
C:/Trabalhos/Clothes Shop
Using Asset Import Pipeline V2.
Refreshing native plugins compatible for Editor in 51.04 ms, found 1 plugins.
Preloading 0 native plugins for Editor in 0.00 ms.
Initialize engine version: 2020.3.7f1 (dd97f2c94397)
[Subsystems] Discovering subsystems at path C:/Program Files/2020.3.7f1/Editor/Data/Resources/UnitySubsystems
[Subsystems] Discovering subsystems at path C:/Trabalhos/Clothes Shop/Assets
GfxDevice: creating device client; threaded=0
Direct3D:
    Version:  Direct3D 11.0 [level 11.1]
    Renderer: NVIDIA GeForce RTX 2070 SUPER (ID=0x1e84)
    Vendor:   
    VRAM:     8011 MB
    Driver:   30.0.14.7111
Initialize mono
Mono path[0] = 'C:/Program Files/2020.3.7f1/Editor/Data/Managed'
Mono path[1] = 'C:/Program Files/2020.3.7f1/Editor/Data/MonoBleedingEdge/lib/mono/unityjit'
Mono config path = 'C:/Program Files/2020.3.7f1/Editor/Data/MonoBleedingEdge/etc'
Using monoOptions --debugger-agent=transport=dt_socket,embedding=1,server=y,suspend=n,address=127.0.0.1:56024
Begin MonoManager ReloadAssembly
Registering precompiled unity dll's ...
Register platform support module: C:/Program Files/2020.3.7f1/Editor/Data/PlaybackEngines/WindowsStandaloneSupport/UnityEditor.WindowsStandalone.Extensions.dll
Registered in 0.002423 seconds.
Native extension for WindowsStandalone target not found
Refreshing native plugins compatible for Editor in 41.83 ms, found 1 plugins.
Preloading 0 native plugins for Editor in 0.00 ms.
Mono: successfully reloaded assembly
- Completed reload, in  1.487 seconds
Platform modules already initialized, skipping
Registering precompiled user dll's ...
Registered in 0.002164 seconds.
Begin MonoManager ReloadAssembly
Native extension for WindowsStandalone target not found
Refreshing native plugins compatible for Editor in 44.41 ms, found 1 plugins.
Preloading 0 native plugins for Editor in 0.00 ms.
Mono: successfully reloaded assembly
- Completed reload, in  1.330 seconds
Platform modules already initialized, skipping
========================================================================
Worker process is ready to serve import requests
Launched and connected shader compiler UnityShaderCompiler.exe after 0.06 seconds
Refreshing native plugins compatible for Editor in 0.36 ms, found 1 plugins.
Preloading 0 native plugins for Editor in 0.00 ms.
Unloading 1810 Unused Serialized files (Serialized files now loaded: 0)
System memory in use before: 85.1 MB.
System memory in use after: 85.0 MB.

Unloading 24 unused Assets to reduce memory usage. Loaded Objects now: 2252.
Total: 2.972600 ms (FindLiveObjects: 0.330100 ms CreateObjectMapping: 0.113700 ms MarkObjects: 2.372500 ms  DeleteObjects: 0.155200 ms)

========================================================================
Received Import Request.
  path: Assets/kenney_monochromerpg/Default/Tilemap/tilemap.png
  artifactKey: Guid(375423ac31add3049b80c81332205abb) Importer(815301076,1909f56bfc062723c751e8b465ee728b)
Start importing Assets/kenney_monochromerpg/Default/Tilemap/tilemap.png using Guid(375423ac31add3049b80c81332205abb) Importer(815301076,1909f56bfc062723c751e8b465ee728b)  -> (artifact id: '878a257a2bdde152d3eace14761b6c22') in 0.932404 seconds
  Import took 0.981669 seconds .

========================================================================
Received Import Request.
  Time since last request: 0.003499 seconds.
  path: Assets/kenney_monochromerpg/Default/Tilemap/tilemap_packed.png
  artifactKey: Guid(8b7ae471dacf97b45b0e09955977b419) Importer(815301076,1909f56bfc062723c751e8b465ee728b)
Start importing Assets/kenney_monochromerpg/Default/Tilemap/tilemap_packed.png using Guid(8b7ae471dacf97b45b0e09955977b419) Importer(815301076,1909f56bfc062723c751e8b465ee728b)  -> (artifact id: 'b586d77056f53c4212968817f2ab648c') in 0.028494 seconds
  Import took 0.037003 seconds .

========================================================================
Received Import Request.
  Time since last request: 0.010438 seconds.
  path: Assets/kenney_monochromerpg/Default/Tilemap/tilemap_packed.png
  artifactKey: Guid(8b7ae471dacf97b45b0e09955977b419) Importer(815301076,1909f56bfc062723c751e8b465ee728b)
Start importing Assets/kenney_monochromerpg/Default/Tilemap/tilemap_packed.png using Guid(8b7ae471dacf97b45b0e09955977b419) Importer(815301076,1909f56bfc062723c751e8b465ee728b)  -> (artifact id: 'b586d77056f53c4212968817f2ab648c') in 0.015535 seconds
  Import took 0.020024 seconds .

========================================================================
Received Import Request.
  Time since last request: 26.657791 seconds.
  path: Assets/kenney_monochromerpg/Default/Tilemap/tilemap_packed.png
  artifactKey: Guid(8b7ae471dacf97b45b0e09955977b419) Importer(815301076,1909f56bfc062723c751e8b465ee728b)
Start importing Assets/kenney_monochromerpg/Default/Tilemap/tilemap_packed.png using Guid(8b7ae471dacf97b45b0e09955977b419) Importer(815301076,1909f56bfc062723c751e8b465ee728b)  -> (artifact id: '7bd1ef9cf268491bc86645bf073eb7a1') in 0.011021 seconds
  Import took 0.016202 seconds .

========================================================================
Received Import Request.
  Time since last request: 0.011159 seconds.
  path: Assets/kenney_monochromerpg/Default/Tilemap/tilemap_packed.png
  artifactKey: Guid(8b7ae471dacf97b45b0e09955977b419) Importer(815301076,1909f56bfc062723c751e8b465ee728b)
Start importing Assets/kenney_monochromerpg/Default/Tilemap/tilemap_packed.png using Guid(8b7ae471dacf97b45b0e09955977b419) Importer(815301076,1909f56bfc062723c751e8b465ee728b)  -> (artifact id: '7bd1ef9cf268491bc86645bf073eb7a1') in 0.010661 seconds
  Import took 0.014537 seconds .

========================================================================
Received Prepare
Registering precompiled user dll's ...
Registered in 0.001494 seconds.
Begin MonoManager ReloadAssembly
Native extension for WindowsStandalone target not found
Refreshing native plugins compatible for Editor in 0.45 ms, found 1 plugins.
Preloading 0 native plugins for Editor in 0.00 ms.
Mono: successfully reloaded assembly
- Completed reload, in  1.168 seconds
Platform modules already initialized, skipping
Refreshing native plugins compatible for Editor in 0.48 ms, found 1 plugins.
Preloading 0 native plugins for Editor in 0.00 ms.
Unloading 1805 Unused Serialized files (Serialized files now loaded: 0)
System memory in use before: 88.2 MB.
System memory in use after: 88.1 MB.

Unloading 12 unused Assets to reduce memory usage. Loaded Objects now: 2264.
Total: 1.870400 ms (FindLiveObjects: 0.196700 ms CreateObjectMapping: 0.078700 ms MarkObjects: 1.495700 ms  DeleteObjects: 0.098300 ms)

========================================================================
Received Prepare
Registering precompiled user dll's ...
Registered in 0.001884 seconds.
Begin MonoManager ReloadAssembly
Native extension for WindowsStandalone target not found
Refreshing native plugins compatible for Editor in 0.42 ms, found 1 plugins.
Preloading 0 native plugins for Editor in 0.00 ms.
Mono: successfully reloaded assembly
- Completed reload, in  1.173 seconds
Platform modules already initialized, skipping
Refreshing native plugins compatible for Editor in 0.44 ms, found 1 plugins.
Preloading 0 native plugins for Editor in 0.00 ms.
Unloading 1805 Unused Serialized files (Serialized files now loaded: 0)
System memory in use before: 88.2 MB.
System memory in use after: 88.2 MB.

Unloading 12 unused Assets to reduce memory usage. Loaded Objects now: 2268.
Total: 1.963400 ms (FindLiveObjects: 0.225700 ms CreateObjectMapping: 0.074300 ms MarkObjects: 1.567900 ms  DeleteObjects: 0.093700 ms)

========================================================================
Received Prepare
Registering precompiled user dll's ...
Registered in 0.002004 seconds.
Begin MonoManager ReloadAssembly
Native extension for WindowsStandalone target not found
Refreshing native plugins compatible for Editor in 0.70 ms, found 1 plugins.
Preloading 0 native plugins for Editor in 0.00 ms.
Mono: successfully reloaded assembly
- Completed reload, in  1.239 seconds
Platform modules already initialized, skipping
Refreshing native plugins compatible for Editor in 0.40 ms, found 1 plugins.
Preloading 0 native plugins for Editor in 0.00 ms.
Unloading 1805 Unused Serialized files (Serialized files now loaded: 0)
System memory in use before: 88.2 MB.
System memory in use after: 88.2 MB.

Unloading 12 unused Assets to reduce memory usage. Loaded Objects now: 2272.
Total: 2.338400 ms (FindLiveObjects: 0.297200 ms CreateObjectMapping: 0.143000 ms MarkObjects: 1.763000 ms  DeleteObjects: 0.134300 ms)

========================================================================
Received Prepare
Registering precompiled user dll's ...
Registered in 0.001663 seconds.
Begin MonoManager ReloadAssembly
Native extension for WindowsStandalone target not found
Refreshing native plugins compatible for Editor in 0.41 ms, found 1 plugins.
Preloading 0 native plugins for Editor in 0.00 ms.
Mono: successfully reloaded assembly
- Completed reload, in  1.117 seconds
Platform modules already initialized, skipping
Refreshing native plugins compatible for Editor in 0.72 ms, found 1 plugins.
Preloading 0 native plugins for Editor in 0.00 ms.
Unloading 1805 Unused Serialized files (Serialized files now loaded: 0)
System memory in use before: 88.2 MB.
System memory in use after: 88.2 MB.

Unloading 12 unused Assets to reduce memory usage. Loaded Objects now: 2276.
Total: 1.977800 ms (FindLiveObjects: 0.187100 ms CreateObjectMapping: 0.072200 ms MarkObjects: 1.614300 ms  DeleteObjects: 0.102800 ms)

========================================================================
Received Prepare
Registering precompiled user dll's ...
Registered in 0.001152 seconds.
Begin MonoManager ReloadAssembly
Native extension for WindowsStandalone target not found
Refreshing native plugins compatible for Editor in 0.34 ms, found 1 plugins.
Preloading 0 native plugins for Editor in 0.00 ms.
Mono: successfully reloaded assembly
- Completed reload, in  0.993 seconds
Platform modules already initialized, skipping
Refreshing native plugins compatible for Editor in 0.42 ms, found 1 plugins.
Preloading 0 native plugins for Editor in 0.00 ms.
Unloading 1805 Unused Serialized files (Serialized files now loaded: 0)
System memory in use before: 88.3 MB.
System memory in use after: 88.2 MB.

Unloading 12 unused Assets to reduce memory usage. Loaded Objects now: 2280.
Total: 2.592900 ms (FindLiveObjects: 0.257400 ms CreateObjectMapping: 0.085600 ms MarkObjects: 2.132600 ms  DeleteObjects: 0.115700 ms)

========================================================================
Received Import Request.
  Time since last request: 652.022501 seconds.
  path: Assets/kenney_monochromerpg/Preview.png
  artifactKey: Guid(b9ba0c257e752d44685b728387373e35) Importer(815301076,1909f56bfc062723c751e8b465ee728b)
Start importing Assets/kenney_monochromerpg/Preview.png using Guid(b9ba0c257e752d44685b728387373e35) Importer(815301076,1909f56bfc062723c751e8b465ee728b)  -> (artifact id: '7b6180c7455e60a82326821e3dd22ccb') in 0.062229 seconds
  Import took 0.065866 seconds .

========================================================================
Received Import Request.
  Time since last request: 0.000255 seconds.
  path: Assets/kenney_monochromerpg/Sample.png
  artifactKey: Guid(2cf3bbb44c8140646a4d3fa121bf2c27) Importer(815301076,1909f56bfc062723c751e8b465ee728b)
Start importing Assets/kenney_monochromerpg/Sample.png using Guid(2cf3bbb44c8140646a4d3fa121bf2c27) Importer(815301076,1909f56bfc062723c751e8b465ee728b)  -> (artifact id: 'ccc8d125d0460777af2bee728912546d') in 0.019282 seconds
  Import took 0.023069 seconds .

========================================================================
Received Import Request.
  Time since last request: 0.087147 seconds.
  path: Assets/kenney_monochromerpg/Sample.png
  artifactKey: Guid(2cf3bbb44c8140646a4d3fa121bf2c27) Importer(815301076,1909f56bfc062723c751e8b465ee728b)
Start importing Assets/kenney_monochromerpg/Sample.png using Guid(2cf3bbb44c8140646a4d3fa121bf2c27) Importer(815301076,1909f56bfc062723c751e8b465ee728b)  -> (artifact id: 'ccc8d125d0460777af2bee728912546d') in 0.017406 seconds
  Import took 0.022140 seconds .

========================================================================
Received Import Request.
  Time since last request: 4.858589 seconds.
  path: Assets/kenney_monochromerpg
  artifactKey: Guid(4f909d30ffa27ff45ab1ba327ce6d91f) Importer(815301076,1909f56bfc062723c751e8b465ee728b)
Start importing Assets/kenney_monochromerpg using Guid(4f909d30ffa27ff45ab1ba327ce6d91f) Importer(815301076,1909f56bfc062723c751e8b465ee728b)  -> (artifact id: 'e97ea603df0dd1441cd15cb046949f94') in 0.003666 seconds
  Import took 0.007450 seconds .

========================================================================
Received Import Request.
  Time since last request: 205.660143 seconds.
  path: Assets/kenney_monochromerpg/Default
  artifactKey: Guid(474d7d10133ad714baecf8e98b4b5500) Importer(815301076,1909f56bfc062723c751e8b465ee728b)
Start importing Assets/kenney_monochromerpg/Default using Guid(474d7d10133ad714baecf8e98b4b5500) Importer(815301076,1909f56bfc062723c751e8b465ee728b)  -> (artifact id: '45c2e514ba09c3ff292d2f048e75e62c') in 0.004157 seconds
  Import took 0.040898 seconds .

========================================================================
Received Import Request.
  Time since last request: 0.487685 seconds.
  path: Assets/kenney_monochromerpg/Default/Tilemap
  artifactKey: Guid(93e25938bb5536341a98a67f16b1f676) Importer(815301076,1909f56bfc062723c751e8b465ee728b)
Start importing Assets/kenney_monochromerpg/Default/Tilemap using Guid(93e25938bb5536341a98a67f16b1f676) Importer(815301076,1909f56bfc062723c751e8b465ee728b)  -> (artifact id: 'f559ac2eb748db6649a18ddbb9297928') in 0.003670 seconds
  Import took 0.006438 seconds .

========================================================================
Received Import Request.
  Time since last request: 0.045113 seconds.
  path: Assets/kenney_monochromerpg/Default/Tilemap/tilemap.png
  artifactKey: Guid(375423ac31add3049b80c81332205abb) Importer(815301076,1909f56bfc062723c751e8b465ee728b)
Start importing Assets/kenney_monochromerpg/Default/Tilemap/tilemap.png using Guid(375423ac31add3049b80c81332205abb) Importer(815301076,1909f56bfc062723c751e8b465ee728b)  -> (artifact id: '27a0e6cc51524506238081755a7d5f88') in 0.013985 seconds
  Import took 0.016899 seconds .

========================================================================
Received Import Request.
  Time since last request: 217.315068 seconds.
  path: Assets/roguelike-modern-city-pack
  artifactKey: Guid(9b69a931ec98d0840ab601b8994e50fd) Importer(815301076,1909f56bfc062723c751e8b465ee728b)
Start importing Assets/roguelike-modern-city-pack using Guid(9b69a931ec98d0840ab601b8994e50fd) Importer(815301076,1909f56bfc062723c751e8b465ee728b)  -> (artifact id: 'ff3fdbc1800f2fe05eb0880cd88a8f31') in 0.005287 seconds
  Import took 0.009662 seconds .

========================================================================
Received Import Request.
  Time since last request: 0.033581 seconds.
  path: Assets/roguelike-modern-city-pack/Preview.png
  artifactKey: Guid(780528fc5429a1b4cb84ba296bc19227) Importer(815301076,1909f56bfc062723c751e8b465ee728b)
Start importing Assets/roguelike-modern-city-pack/Preview.png using Guid(780528fc5429a1b4cb84ba296bc19227) Importer(815301076,1909f56bfc062723c751e8b465ee728b)  -> (artifact id: '5addde298e4bf1f34315113baacd7788') in 0.016330 seconds
  Import took 0.020586 seconds .

========================================================================
Received Import Request.
  Time since last request: 0.000242 seconds.
  path: Assets/roguelike-modern-city-pack/Sample.png
  artifactKey: Guid(06e2e82559d069d428047815cd7f4821) Importer(815301076,1909f56bfc062723c751e8b465ee728b)
Start importing Assets/roguelike-modern-city-pack/Sample.png using Guid(06e2e82559d069d428047815cd7f4821) Importer(815301076,1909f56bfc062723c751e8b465ee728b)  -> (artifact id: '4f45ff99a97938d7977d2243cb95f831') in 0.019388 seconds
  Import took 0.022538 seconds .

========================================================================
Received Import Request.
  Time since last request: 4.294402 seconds.
  path: Assets/roguelike-modern-city-pack/Spritesheet
  artifactKey: Guid(e66ec92a48f84fd47afb138c416393f1) Importer(815301076,1909f56bfc062723c751e8b465ee728b)
Start importing Assets/roguelike-modern-city-pack/Spritesheet using Guid(e66ec92a48f84fd47afb138c416393f1) Importer(815301076,1909f56bfc062723c751e8b465ee728b)  -> (artifact id: '88c60d8d079e1dde288e6325a4c3cbb6') in 0.004078 seconds
  Import took 0.009712 seconds .

========================================================================
Received Import Request.
  Time since last request: 0.313351 seconds.
  path: Assets/roguelike-modern-city-pack/Spritesheet/roguelikeCity_magenta.png
  artifactKey: Guid(38ba8dc3bd2e2df408405fcbb9fb21bd) Importer(815301076,1909f56bfc062723c751e8b465ee728b)
Start importing Assets/roguelike-modern-city-pack/Spritesheet/roguelikeCity_magenta.png using Guid(38ba8dc3bd2e2df408405fcbb9fb21bd) Importer(815301076,1909f56bfc062723c751e8b465ee728b)  -> (artifact id: 'a4ac7fc751df57dd740ac5e5c07da966') in 0.019252 seconds
  Import took 0.022729 seconds .

========================================================================
Received Import Request.
  Time since last request: 0.000211 seconds.
  path: Assets/roguelike-modern-city-pack/Spritesheet/roguelikeCity_transparent.png
  artifactKey: Guid(aefd503d6c43116428d3d96e10104f1f) Importer(815301076,1909f56bfc062723c751e8b465ee728b)
Start importing Assets/roguelike-modern-city-pack/Spritesheet/roguelikeCity_transparent.png using Guid(aefd503d6c43116428d3d96e10104f1f) Importer(815301076,1909f56bfc062723c751e8b465ee728b)  -> (artifact id: 'e817b4e69c4c54a2d991a48a88671f14') in 0.021429 seconds
  Import took 0.025536 seconds .

========================================================================
Received Import Request.
  Time since last request: 0.004946 seconds.
  path: Assets/roguelike-modern-city-pack/Spritesheet/roguelikeCity_transparent.png
  artifactKey: Guid(aefd503d6c43116428d3d96e10104f1f) Importer(815301076,1909f56bfc062723c751e8b465ee728b)
Start importing Assets/roguelike-modern-city-pack/Spritesheet/roguelikeCity_transparent.png using Guid(aefd503d6c43116428d3d96e10104f1f) Importer(815301076,1909f56bfc062723c751e8b465ee728b)  -> (artifact id: 'e817b4e69c4c54a2d991a48a88671f14') in 0.022919 seconds
  Import took 0.027115 seconds .

========================================================================
Received Import Request.
  Time since last request: 16.409432 seconds.
  path: Assets/roguelike-modern-city-pack/Spritesheet/roguelikeCity_magenta.png
  artifactKey: Guid(38ba8dc3bd2e2df408405fcbb9fb21bd) Importer(815301076,1909f56bfc062723c751e8b465ee728b)
Start importing Assets/roguelike-modern-city-pack/Spritesheet/roguelikeCity_magenta.png using Guid(38ba8dc3bd2e2df408405fcbb9fb21bd) Importer(815301076,1909f56bfc062723c751e8b465ee728b)  -> (artifact id: '40bdc44f5ac4446968b40738ad6ad0d6') in 0.013499 seconds
  Import took 0.018074 seconds .

========================================================================
Received Import Request.
  Time since last request: 0.037608 seconds.
  path: Assets/roguelike-modern-city-pack/Spritesheet/roguelikeCity_magenta.png
  artifactKey: Guid(38ba8dc3bd2e2df408405fcbb9fb21bd) Importer(815301076,1909f56bfc062723c751e8b465ee728b)
Start importing Assets/roguelike-modern-city-pack/Spritesheet/roguelikeCity_magenta.png using Guid(38ba8dc3bd2e2df408405fcbb9fb21bd) Importer(815301076,1909f56bfc062723c751e8b465ee728b)  -> (artifact id: '40bdc44f5ac4446968b40738ad6ad0d6') in 0.011905 seconds
  Import took 0.015551 seconds .

========================================================================
Received Import Request.
  Time since last request: 24.340974 seconds.
  path: Assets/roguelike-modern-city-pack/Spritesheet/roguelikeCity_magenta.png
  artifactKey: Guid(38ba8dc3bd2e2df408405fcbb9fb21bd) Importer(815301076,1909f56bfc062723c751e8b465ee728b)
Start importing Assets/roguelike-modern-city-pack/Spritesheet/roguelikeCity_magenta.png using Guid(38ba8dc3bd2e2df408405fcbb9fb21bd) Importer(815301076,1909f56bfc062723c751e8b465ee728b)  -> (artifact id: '46fb8269bd220d1e118a5871d49ace8b') in 1.761096 seconds
  Import took 1.770928 seconds .

========================================================================
Received Import Request.
  Time since last request: 685.032041 seconds.
  path: Assets/kenney_rpgurbanpack
  artifactKey: Guid(c43f5ab47d2456f498d14f6a9b7c5f8f) Importer(815301076,1909f56bfc062723c751e8b465ee728b)
Start importing Assets/kenney_rpgurbanpack using Guid(c43f5ab47d2456f498d14f6a9b7c5f8f) Importer(815301076,1909f56bfc062723c751e8b465ee728b)  -> (artifact id: '7b4cd8d4d896b4ba77fba3daa6693a8e') in 0.004882 seconds
  Import took 0.010672 seconds .

========================================================================
Received Import Request.
  Time since last request: 0.116308 seconds.
  path: Assets/kenney_rpgurbanpack/Preview.png
  artifactKey: Guid(5bee0a1c4cb3a9949b7c6c1fca481824) Importer(815301076,1909f56bfc062723c751e8b465ee728b)
Start importing Assets/kenney_rpgurbanpack/Preview.png using Guid(5bee0a1c4cb3a9949b7c6c1fca481824) Importer(815301076,1909f56bfc062723c751e8b465ee728b)  -> (artifact id: 'cf28105786245ea0dfebde181ff734b7') in 0.016652 seconds
  Import took 0.020587 seconds .

========================================================================
Received Import Request.
  Time since last request: 0.000249 seconds.
  path: Assets/kenney_rpgurbanpack/Sample.png
  artifactKey: Guid(b24203979b53fa144aa7cc32e23703c3) Importer(815301076,1909f56bfc062723c751e8b465ee728b)
Start importing Assets/kenney_rpgurbanpack/Sample.png using Guid(b24203979b53fa144aa7cc32e23703c3) Importer(815301076,1909f56bfc062723c751e8b465ee728b)  -> (artifact id: 'f078bc18432f0b05ef664b5f34fa26aa') in 0.019582 seconds
  Import took 0.024004 seconds .

========================================================================
Received Import Request.
  Time since last request: 0.004543 seconds.
  path: Assets/kenney_rpgurbanpack/Sample.png
  artifactKey: Guid(b24203979b53fa144aa7cc32e23703c3) Importer(815301076,1909f56bfc062723c751e8b465ee728b)
Start importing Assets/kenney_rpgurbanpack/Sample.png using Guid(b24203979b53fa144aa7cc32e23703c3) Importer(815301076,1909f56bfc062723c751e8b465ee728b)  -> (artifact id: 'f078bc18432f0b05ef664b5f34fa26aa') in 0.018293 seconds
  Import took 0.022351 seconds .

========================================================================
Received Import Request.
  Time since last request: 2.798819 seconds.
  path: Assets/kenney_rpgurbanpack/Tilemap
  artifactKey: Guid(7742a0be713c09a4b99e2c136e65e331) Importer(815301076,1909f56bfc062723c751e8b465ee728b)
Start importing Assets/kenney_rpgurbanpack/Tilemap using Guid(7742a0be713c09a4b99e2c136e65e331) Importer(815301076,1909f56bfc062723c751e8b465ee728b)  -> (artifact id: 'fa24b8d0e4a0bc58d499928d2e694c2e') in 0.002868 seconds
  Import took 0.006730 seconds .

========================================================================
Received Import Request.
  Time since last request: 0.117000 seconds.
  path: Assets/kenney_rpgurbanpack/Tilemap/tilemap.png
  artifactKey: Guid(3af7d3cff3d414043ba6e9f3ae827ac1) Importer(815301076,1909f56bfc062723c751e8b465ee728b)
Start importing Assets/kenney_rpgurbanpack/Tilemap/tilemap.png using Guid(3af7d3cff3d414043ba6e9f3ae827ac1) Importer(815301076,1909f56bfc062723c751e8b465ee728b)  -> (artifact id: '351e4ae35f342aae1949f0c005cf1dcd') in 0.020818 seconds
  Import took 0.025816 seconds .

========================================================================
Received Import Request.
  Time since last request: 0.000249 seconds.
  path: Assets/kenney_rpgurbanpack/Tilemap/tilemap_packed.png
  artifactKey: Guid(a89a5fa49e1f43c42be667f8d14fb1c0) Importer(815301076,1909f56bfc062723c751e8b465ee728b)
Start importing Assets/kenney_rpgurbanpack/Tilemap/tilemap_packed.png using Guid(a89a5fa49e1f43c42be667f8d14fb1c0) Importer(815301076,1909f56bfc062723c751e8b465ee728b)  -> (artifact id: 'ff49ecb0a2dcb4f4fb6b01e17124adfa') in 0.019733 seconds
  Import took 0.022581 seconds .

========================================================================
Received Import Request.
  Time since last request: 0.001338 seconds.
  path: Assets/kenney_rpgurbanpack/Tilemap/tilemap_packed.png
  artifactKey: Guid(a89a5fa49e1f43c42be667f8d14fb1c0) Importer(815301076,1909f56bfc062723c751e8b465ee728b)
Start importing Assets/kenney_rpgurbanpack/Tilemap/tilemap_packed.png using Guid(a89a5fa49e1f43c42be667f8d14fb1c0) Importer(815301076,1909f56bfc062723c751e8b465ee728b)  -> (artifact id: 'ff49ecb0a2dcb4f4fb6b01e17124adfa') in 0.015183 seconds
  Import took 0.019906 seconds .

========================================================================
Received Import Request.
  Time since last request: 5.176861 seconds.
  path: Assets/kenney_rpgurbanpack/Tilemap/tilemap.png
  artifactKey: Guid(3af7d3cff3d414043ba6e9f3ae827ac1) Importer(815301076,1909f56bfc062723c751e8b465ee728b)
Start importing Assets/kenney_rpgurbanpack/Tilemap/tilemap.png using Guid(3af7d3cff3d414043ba6e9f3ae827ac1) Importer(815301076,1909f56bfc062723c751e8b465ee728b)  -> (artifact id: '0e43faa670b13282d7ae2849347540aa') in 0.013946 seconds
  Import took 0.017743 seconds .

========================================================================
Received Import Request.
  Time since last request: 0.007786 seconds.
  path: Assets/kenney_rpgurbanpack/Tilemap/tilemap.png
  artifactKey: Guid(3af7d3cff3d414043ba6e9f3ae827ac1) Importer(815301076,1909f56bfc062723c751e8b465ee728b)
Start importing Assets/kenney_rpgurbanpack/Tilemap/tilemap.png using Guid(3af7d3cff3d414043ba6e9f3ae827ac1) Importer(815301076,1909f56bfc062723c751e8b465ee728b)  -> (artifact id: '0e43faa670b13282d7ae2849347540aa') in 0.010137 seconds
  Import took 0.013677 seconds .

========================================================================
Received Import Request.
  Time since last request: 25.568422 seconds.
  path: Assets/kenney_rpgurbanpack/Tilemap/tilemap.png
  artifactKey: Guid(3af7d3cff3d414043ba6e9f3ae827ac1) Importer(815301076,1909f56bfc062723c751e8b465ee728b)
Start importing Assets/kenney_rpgurbanpack/Tilemap/tilemap.png using Guid(3af7d3cff3d414043ba6e9f3ae827ac1) Importer(815301076,1909f56bfc062723c751e8b465ee728b)  -> (artifact id: '58618d9763f8e66f8ac8b75393c1d9ef') in 0.667314 seconds
  Import took 0.672523 seconds .

========================================================================
Received Import Request.
  Time since last request: 4109.138125 seconds.
  path: Assets/kenney_rpgurbanpack/Tilemap/tilemap.png
  artifactKey: Guid(3af7d3cff3d414043ba6e9f3ae827ac1) Importer(815301076,1909f56bfc062723c751e8b465ee728b)
Start importing Assets/kenney_rpgurbanpack/Tilemap/tilemap.png using Guid(3af7d3cff3d414043ba6e9f3ae827ac1) Importer(815301076,1909f56bfc062723c751e8b465ee728b)  -> (artifact id: 'df37ead4ab956bd4acbcc28dbe2d6601') in 0.952349 seconds
  Import took 0.961627 seconds .

========================================================================
Received Import Request.
  Time since last request: 9.934817 seconds.
  path: Assets/kenney_rpgurbanpack/Tilemap/tilemap.png
  artifactKey: Guid(3af7d3cff3d414043ba6e9f3ae827ac1) Importer(815301076,1909f56bfc062723c751e8b465ee728b)
Start importing Assets/kenney_rpgurbanpack/Tilemap/tilemap.png using Guid(3af7d3cff3d414043ba6e9f3ae827ac1) Importer(815301076,1909f56bfc062723c751e8b465ee728b)  -> (artifact id: 'b3e56552850d0805ed2a55358db7c786') in 0.910240 seconds
  Import took 0.915770 seconds .

========================================================================
Received Import Request.
  Time since last request: 9.652064 seconds.
  path: Assets/kenney_rpgurbanpack/Tilemap/tilemap.png
  artifactKey: Guid(3af7d3cff3d414043ba6e9f3ae827ac1) Importer(815301076,1909f56bfc062723c751e8b465ee728b)
Start importing Assets/kenney_rpgurbanpack/Tilemap/tilemap.png using Guid(3af7d3cff3d414043ba6e9f3ae827ac1) Importer(815301076,1909f56bfc062723c751e8b465ee728b)  -> (artifact id: '8fb5fef550dcc9a91edeabd8d2612fd5') in 0.910837 seconds
  Import took 0.916493 seconds .

========================================================================
Received Import Request.
  Time since last request: 319.734553 seconds.
  path: Assets/roguelike-characters-pack
  artifactKey: Guid(d07137bb0d2406e43867477be57a009a) Importer(815301076,1909f56bfc062723c751e8b465ee728b)
Start importing Assets/roguelike-characters-pack using Guid(d07137bb0d2406e43867477be57a009a) Importer(815301076,1909f56bfc062723c751e8b465ee728b)  -> (artifact id: '265660447a8498f3d25a596c1d167263') in 0.003870 seconds
  Import took 0.007726 seconds .

========================================================================
Received Import Request.
  Time since last request: 0.042792 seconds.
  path: Assets/roguelike-characters-pack/Preview.png
  artifactKey: Guid(c37375c619db3b545a64863575d9b166) Importer(815301076,1909f56bfc062723c751e8b465ee728b)
Start importing Assets/roguelike-characters-pack/Preview.png using Guid(c37375c619db3b545a64863575d9b166) Importer(815301076,1909f56bfc062723c751e8b465ee728b)  -> (artifact id: 'eb77b51855bd68c17f19e9ade8c222c7') in 0.017391 seconds
  Import took 0.021149 seconds .

========================================================================
Received Import Request.
  Time since last request: 0.000262 seconds.
  path: Assets/roguelike-characters-pack/Sample.png
  artifactKey: Guid(84c364baca2cb7d4bb668b4bf68cb372) Importer(815301076,1909f56bfc062723c751e8b465ee728b)
Start importing Assets/roguelike-characters-pack/Sample.png using Guid(84c364baca2cb7d4bb668b4bf68cb372) Importer(815301076,1909f56bfc062723c751e8b465ee728b)  -> (artifact id: 'fa0e09d02da089f68c09f27b81280cd0') in 0.020781 seconds
  Import took 0.026612 seconds .

========================================================================
Received Import Request.
  Time since last request: 0.004708 seconds.
  path: Assets/roguelike-characters-pack/Sample.png
  artifactKey: Guid(84c364baca2cb7d4bb668b4bf68cb372) Importer(815301076,1909f56bfc062723c751e8b465ee728b)
Start importing Assets/roguelike-characters-pack/Sample.png using Guid(84c364baca2cb7d4bb668b4bf68cb372) Importer(815301076,1909f56bfc062723c751e8b465ee728b)  -> (artifact id: 'fa0e09d02da089f68c09f27b81280cd0') in 0.109872 seconds
  Import took 0.116244 seconds .

========================================================================
Received Import Request.
  Time since last request: 0.672689 seconds.
  path: Assets/roguelike-characters-pack/Spritesheet
  artifactKey: Guid(0dab157334896924e9fe49cf626b5be1) Importer(815301076,1909f56bfc062723c751e8b465ee728b)
Start importing Assets/roguelike-characters-pack/Spritesheet using Guid(0dab157334896924e9fe49cf626b5be1) Importer(815301076,1909f56bfc062723c751e8b465ee728b)  -> (artifact id: '3e18cf18c47a99b428e18d7d51dcdaca') in 0.003679 seconds
  Import took 0.007721 seconds .

========================================================================
Received Import Request.
  Time since last request: 0.037690 seconds.
  path: Assets/roguelike-characters-pack/Spritesheet/roguelikeChar_magenta.png
  artifactKey: Guid(9e1b64eb77d572144a71013541c38784) Importer(815301076,1909f56bfc062723c751e8b465ee728b)
Start importing Assets/roguelike-characters-pack/Spritesheet/roguelikeChar_magenta.png using Guid(9e1b64eb77d572144a71013541c38784) Importer(815301076,1909f56bfc062723c751e8b465ee728b)  -> (artifact id: '086e05d6a47b2be1efa9428ac3883826') in 0.015172 seconds
  Import took 0.019080 seconds .

========================================================================
Received Import Request.
  Time since last request: 0.000242 seconds.
  path: Assets/roguelike-characters-pack/Spritesheet/roguelikeChar_transparent.png
  artifactKey: Guid(b0a10fa70cd627042a20beb4505686cc) Importer(815301076,1909f56bfc062723c751e8b465ee728b)
Start importing Assets/roguelike-characters-pack/Spritesheet/roguelikeChar_transparent.png using Guid(b0a10fa70cd627042a20beb4505686cc) Importer(815301076,1909f56bfc062723c751e8b465ee728b)  -> (artifact id: '838bad9da5f901ba3c874add304b14a8') in 0.017489 seconds
  Import took 0.022297 seconds .

========================================================================
Received Import Request.
  Time since last request: 2.775925 seconds.
  path: Assets/roguelike-characters-pack/Spritesheet/spritesheetInfo.txt
  artifactKey: Guid(d3100495c0327674eafea5870ff06bf9) Importer(815301076,1909f56bfc062723c751e8b465ee728b)
Start importing Assets/roguelike-characters-pack/Spritesheet/spritesheetInfo.txt using Guid(d3100495c0327674eafea5870ff06bf9) Importer(815301076,1909f56bfc062723c751e8b465ee728b)  -> (artifact id: '484379ab3495f5d80f204807b5982892') in 0.035892 seconds
  Import took 0.038671 seconds .

========================================================================
Received Import Request.
  Time since last request: 0.008251 seconds.
  path: Assets/roguelike-characters-pack/Spritesheet/spritesheetInfo.txt
  artifactKey: Guid(d3100495c0327674eafea5870ff06bf9) Importer(815301076,1909f56bfc062723c751e8b465ee728b)
Start importing Assets/roguelike-characters-pack/Spritesheet/spritesheetInfo.txt using Guid(d3100495c0327674eafea5870ff06bf9) Importer(815301076,1909f56bfc062723c751e8b465ee728b)  -> (artifact id: '484379ab3495f5d80f204807b5982892') in 0.004908 seconds
  Import took 0.008255 seconds .

========================================================================
Received Import Request.
  Time since last request: 9.394560 seconds.
  path: Assets/roguelike-characters-pack/Spritesheet/roguelikeChar_transparent.png
  artifactKey: Guid(b0a10fa70cd627042a20beb4505686cc) Importer(815301076,1909f56bfc062723c751e8b465ee728b)
Start importing Assets/roguelike-characters-pack/Spritesheet/roguelikeChar_transparent.png using Guid(b0a10fa70cd627042a20beb4505686cc) Importer(815301076,1909f56bfc062723c751e8b465ee728b)  -> (artifact id: '6911a23f7f60403c3d48736b6101d652') in 0.010059 seconds
  Import took 0.013599 seconds .

========================================================================
Received Import Request.
  Time since last request: 0.010256 seconds.
  path: Assets/roguelike-characters-pack/Spritesheet/roguelikeChar_transparent.png
  artifactKey: Guid(b0a10fa70cd627042a20beb4505686cc) Importer(815301076,1909f56bfc062723c751e8b465ee728b)
Start importing Assets/roguelike-characters-pack/Spritesheet/roguelikeChar_transparent.png using Guid(b0a10fa70cd627042a20beb4505686cc) Importer(815301076,1909f56bfc062723c751e8b465ee728b)  -> (artifact id: '6911a23f7f60403c3d48736b6101d652') in 0.012608 seconds
  Import took 0.016664 seconds .

========================================================================
Received Import Request.
  Time since last request: 12.963107 seconds.
  path: Assets/roguelike-characters-pack/Spritesheet/roguelikeChar_transparent.png
  artifactKey: Guid(b0a10fa70cd627042a20beb4505686cc) Importer(815301076,1909f56bfc062723c751e8b465ee728b)
Start importing Assets/roguelike-characters-pack/Spritesheet/roguelikeChar_transparent.png using Guid(b0a10fa70cd627042a20beb4505686cc) Importer(815301076,1909f56bfc062723c751e8b465ee728b)  -> (artifact id: 'f96a366f0bab1d9663cc0c5fee950066') in 0.008174 seconds
  Import took 0.011205 seconds .

========================================================================
Received Import Request.
  Time since last request: 0.018412 seconds.
  path: Assets/roguelike-characters-pack/Spritesheet/roguelikeChar_transparent.png
  artifactKey: Guid(b0a10fa70cd627042a20beb4505686cc) Importer(815301076,1909f56bfc062723c751e8b465ee728b)
Start importing Assets/roguelike-characters-pack/Spritesheet/roguelikeChar_transparent.png using Guid(b0a10fa70cd627042a20beb4505686cc) Importer(815301076,1909f56bfc062723c751e8b465ee728b)  -> (artifact id: 'f96a366f0bab1d9663cc0c5fee950066') in 0.010258 seconds
  Import took 0.014035 seconds .

========================================================================
Received Import Request.
  Time since last request: 14.269174 seconds.
  path: Assets/roguelike-characters-pack/Spritesheet/roguelikeChar_transparent.png
  artifactKey: Guid(b0a10fa70cd627042a20beb4505686cc) Importer(815301076,1909f56bfc062723c751e8b465ee728b)
Start importing Assets/roguelike-characters-pack/Spritesheet/roguelikeChar_transparent.png using Guid(b0a10fa70cd627042a20beb4505686cc) Importer(815301076,1909f56bfc062723c751e8b465ee728b)  -> (artifact id: '85d0a052e2b52dc6e315302a7bbf750a') in 0.007542 seconds
  Import took 0.012521 seconds .

========================================================================
Received Import Request.
  Time since last request: 0.015266 seconds.
  path: Assets/roguelike-characters-pack/Spritesheet/roguelikeChar_transparent.png
  artifactKey: Guid(b0a10fa70cd627042a20beb4505686cc) Importer(815301076,1909f56bfc062723c751e8b465ee728b)
Start importing Assets/roguelike-characters-pack/Spritesheet/roguelikeChar_transparent.png using Guid(b0a10fa70cd627042a20beb4505686cc) Importer(815301076,1909f56bfc062723c751e8b465ee728b)  -> (artifact id: '85d0a052e2b52dc6e315302a7bbf750a') in 0.010083 seconds
  Import took 0.014657 seconds .

========================================================================
Received Import Request.
  Time since last request: 124.057924 seconds.
  path: Assets/roguelike-characters-pack/Spritesheet/roguelikeChar_transparent.png
  artifactKey: Guid(b0a10fa70cd627042a20beb4505686cc) Importer(815301076,1909f56bfc062723c751e8b465ee728b)
Start importing Assets/roguelike-characters-pack/Spritesheet/roguelikeChar_transparent.png using Guid(b0a10fa70cd627042a20beb4505686cc) Importer(815301076,1909f56bfc062723c751e8b465ee728b)  -> (artifact id: 'd54484fbc3000c2911bc8d9e1d979ff9') in 0.736300 seconds
  Import took 0.742834 seconds .

========================================================================
Received Import Request.
  Time since last request: 614.486087 seconds.
  path: Assets/roguelike-characters-pack/Spritesheet/roguelikeChar_transparent.png
  artifactKey: Guid(b0a10fa70cd627042a20beb4505686cc) Importer(815301076,1909f56bfc062723c751e8b465ee728b)
Start importing Assets/roguelike-characters-pack/Spritesheet/roguelikeChar_transparent.png using Guid(b0a10fa70cd627042a20beb4505686cc) Importer(815301076,1909f56bfc062723c751e8b465ee728b)  -> (artifact id: '8c8f76e00cdeb1daed5abd77b8fefb85') in 0.563223 seconds
  Import took 0.568393 seconds .

========================================================================
Received Import Request.
  Time since last request: 300.799571 seconds.
  path: Assets/roguelike-characters-pack/Spritesheet/roguelikeChar_transparent.png
  artifactKey: Guid(b0a10fa70cd627042a20beb4505686cc) Importer(815301076,1909f56bfc062723c751e8b465ee728b)
Start importing Assets/roguelike-characters-pack/Spritesheet/roguelikeChar_transparent.png using Guid(b0a10fa70cd627042a20beb4505686cc) Importer(815301076,1909f56bfc062723c751e8b465ee728b)  -> (artifact id: 'a449545d229eeafd33b64f7c65092e0d') in 0.815454 seconds
  Import took 0.821251 seconds .

AssetImportWorkerClient::OnTransportError - code=2 error=End of file
