Using pre-set license
Built from '2020.3/release' branch; Version is '2020.3.7f1 (dd97f2c94397) revision 14522354'; Using compiler version '192528614'; Build Type 'Release'
OS: 'Windows 10 Home Single Language; OS build 19042.1165; Version 2009; 64bit' Language: 'pt' Physical Memory: 16285 MB
BatchMode: 1, IsHumanControllingUs: 0, StartBugReporterOnCrash: 0, Is64bit: 1, IsPro: 0

 COMMAND LINE ARGUMENTS:
C:\Program Files\2020.3.7f1\Editor\Unity.exe
-adb2
-batchMode
-noUpm
-name
AssetImportWorker0
-projectPath
C:/Trabalhos/Clothes Shop
-logFile
Logs/AssetImportWorker0.log
-srvPort
49424
Successfully changed project path to: C:/Trabalhos/Clothes Shop
C:/Trabalhos/Clothes Shop
Using Asset Import Pipeline V2.
Refreshing native plugins compatible for Editor in 42.72 ms, found 1 plugins.
Preloading 0 native plugins for Editor in 0.00 ms.
Initialize engine version: 2020.3.7f1 (dd97f2c94397)
[Subsystems] Discovering subsystems at path C:/Program Files/2020.3.7f1/Editor/Data/Resources/UnitySubsystems
[Subsystems] Discovering subsystems at path C:/Trabalhos/Clothes Shop/Assets
GfxDevice: creating device client; threaded=0
Direct3D:
    Version:  Direct3D 11.0 [level 11.1]
    Renderer: NVIDIA GeForce RTX 2070 SUPER (ID=0x1e84)
    Vendor:   
    VRAM:     8011 MB
    Driver:   30.0.14.7111
Initialize mono
Mono path[0] = 'C:/Program Files/2020.3.7f1/Editor/Data/Managed'
Mono path[1] = 'C:/Program Files/2020.3.7f1/Editor/Data/MonoBleedingEdge/lib/mono/unityjit'
Mono config path = 'C:/Program Files/2020.3.7f1/Editor/Data/MonoBleedingEdge/etc'
Using monoOptions --debugger-agent=transport=dt_socket,embedding=1,server=y,suspend=n,address=127.0.0.1:56928
Begin MonoManager ReloadAssembly
Registering precompiled unity dll's ...
Register platform support module: C:/Program Files/2020.3.7f1/Editor/Data/PlaybackEngines/WindowsStandaloneSupport/UnityEditor.WindowsStandalone.Extensions.dll
Registered in 0.002686 seconds.
Native extension for WindowsStandalone target not found
Refreshing native plugins compatible for Editor in 39.59 ms, found 1 plugins.
Preloading 0 native plugins for Editor in 0.00 ms.
Mono: successfully reloaded assembly
- Completed reload, in  1.394 seconds
Platform modules already initialized, skipping
Registering precompiled user dll's ...
Registered in 0.001218 seconds.
Begin MonoManager ReloadAssembly
Native extension for WindowsStandalone target not found
Refreshing native plugins compatible for Editor in 43.03 ms, found 1 plugins.
Preloading 0 native plugins for Editor in 0.00 ms.
Mono: successfully reloaded assembly
- Completed reload, in  1.170 seconds
Platform modules already initialized, skipping
========================================================================
Worker process is ready to serve import requests
Launched and connected shader compiler UnityShaderCompiler.exe after 0.05 seconds
Refreshing native plugins compatible for Editor in 0.57 ms, found 1 plugins.
Preloading 0 native plugins for Editor in 0.00 ms.
Unloading 1810 Unused Serialized files (Serialized files now loaded: 0)
System memory in use before: 85.1 MB.
System memory in use after: 85.0 MB.

Unloading 24 unused Assets to reduce memory usage. Loaded Objects now: 2252.
Total: 2.135400 ms (FindLiveObjects: 0.333200 ms CreateObjectMapping: 0.125500 ms MarkObjects: 1.560300 ms  DeleteObjects: 0.112300 ms)

========================================================================
Received Import Request.
  path: Assets/kenney_rpgurbanpack/Tilemap/tilemap.txt
  artifactKey: Guid(837ea4b202bd4064e91932cdd743fedf) Importer(815301076,1909f56bfc062723c751e8b465ee728b)
Start importing Assets/kenney_rpgurbanpack/Tilemap/tilemap.txt using Guid(837ea4b202bd4064e91932cdd743fedf) Importer(815301076,1909f56bfc062723c751e8b465ee728b)  -> (artifact id: 'cab5647eff184c255ccf3da8db6a5d42') in 0.034088 seconds
  Import took 0.037488 seconds .

========================================================================
Received Prepare
Registering precompiled user dll's ...
Registered in 0.001253 seconds.
Begin MonoManager ReloadAssembly
Native extension for WindowsStandalone target not found
Refreshing native plugins compatible for Editor in 0.39 ms, found 1 plugins.
Preloading 0 native plugins for Editor in 0.00 ms.
Mono: successfully reloaded assembly
- Completed reload, in  1.118 seconds
Platform modules already initialized, skipping
Refreshing native plugins compatible for Editor in 0.52 ms, found 1 plugins.
Preloading 0 native plugins for Editor in 0.00 ms.
Unloading 1805 Unused Serialized files (Serialized files now loaded: 0)
System memory in use before: 85.1 MB.
System memory in use after: 85.0 MB.

Unloading 12 unused Assets to reduce memory usage. Loaded Objects now: 2256.
Total: 2.187500 ms (FindLiveObjects: 0.220100 ms CreateObjectMapping: 0.078100 ms MarkObjects: 1.785700 ms  DeleteObjects: 0.102800 ms)

========================================================================
Received Import Request.
  Time since last request: 2341.276025 seconds.
  path: Assets/kenney_rpgurbanpack/Tilemap/tilemap.png
  artifactKey: Guid(3af7d3cff3d414043ba6e9f3ae827ac1) Importer(815301076,1909f56bfc062723c751e8b465ee728b)
Start importing Assets/kenney_rpgurbanpack/Tilemap/tilemap.png using Guid(3af7d3cff3d414043ba6e9f3ae827ac1) Importer(815301076,1909f56bfc062723c751e8b465ee728b)  -> (artifact id: '44ba11278e2691988563cdae27d0b1c5') in 1.011674 seconds
  Import took 1.017932 seconds .

========================================================================
Received Import Request.
  Time since last request: 2.630981 seconds.
  path: Assets/kenney_rpgurbanpack/Tilemap/tilemap.png
  artifactKey: Guid(3af7d3cff3d414043ba6e9f3ae827ac1) Importer(815301076,1909f56bfc062723c751e8b465ee728b)
Start importing Assets/kenney_rpgurbanpack/Tilemap/tilemap.png using Guid(3af7d3cff3d414043ba6e9f3ae827ac1) Importer(815301076,1909f56bfc062723c751e8b465ee728b)  -> (artifact id: 'aa6c479764b62bc34b72d069a31a8b2c') in 0.644211 seconds
  Import took 0.649052 seconds .

========================================================================
Received Import Request.
  Time since last request: 0.992723 seconds.
  path: Assets/kenney_rpgurbanpack/Tilemap/tilemap.png
  artifactKey: Guid(3af7d3cff3d414043ba6e9f3ae827ac1) Importer(815301076,1909f56bfc062723c751e8b465ee728b)
Start importing Assets/kenney_rpgurbanpack/Tilemap/tilemap.png using Guid(3af7d3cff3d414043ba6e9f3ae827ac1) Importer(815301076,1909f56bfc062723c751e8b465ee728b)  -> (artifact id: '5e742ea96452aad7c92dc9d4af4f3d49') in 0.769375 seconds
  Import took 0.773785 seconds .

========================================================================
Received Import Request.
  Time since last request: 0.865191 seconds.
  path: Assets/kenney_rpgurbanpack/Tilemap/tilemap.png
  artifactKey: Guid(3af7d3cff3d414043ba6e9f3ae827ac1) Importer(815301076,1909f56bfc062723c751e8b465ee728b)
Start importing Assets/kenney_rpgurbanpack/Tilemap/tilemap.png using Guid(3af7d3cff3d414043ba6e9f3ae827ac1) Importer(815301076,1909f56bfc062723c751e8b465ee728b)  -> (artifact id: 'bc94f8530faf66b17a9282346c04f6cd') in 0.899402 seconds
  Import took 0.904586 seconds .

========================================================================
Received Import Request.
  Time since last request: 28.745410 seconds.
  path: Assets/kenney_rpgurbanpack/Tilemap/tilemap.png
  artifactKey: Guid(3af7d3cff3d414043ba6e9f3ae827ac1) Importer(815301076,1909f56bfc062723c751e8b465ee728b)
Start importing Assets/kenney_rpgurbanpack/Tilemap/tilemap.png using Guid(3af7d3cff3d414043ba6e9f3ae827ac1) Importer(815301076,1909f56bfc062723c751e8b465ee728b)  -> (artifact id: '8ab965ad3be4f30f3d1091f5189e169b') in 0.755684 seconds
  Import took 0.760575 seconds .

========================================================================
Received Import Request.
  Time since last request: 7.515528 seconds.
  path: Assets/kenney_rpgurbanpack/Tilemap/tilemap.png
  artifactKey: Guid(3af7d3cff3d414043ba6e9f3ae827ac1) Importer(815301076,1909f56bfc062723c751e8b465ee728b)
Start importing Assets/kenney_rpgurbanpack/Tilemap/tilemap.png using Guid(3af7d3cff3d414043ba6e9f3ae827ac1) Importer(815301076,1909f56bfc062723c751e8b465ee728b)  -> (artifact id: '47b0dd8a0b42f25c32e196c0bcd79654') in 0.828401 seconds
  Import took 0.833673 seconds .

========================================================================
Received Import Request.
  Time since last request: 3.708972 seconds.
  path: Assets/kenney_rpgurbanpack/Tilemap/tilemap.png
  artifactKey: Guid(3af7d3cff3d414043ba6e9f3ae827ac1) Importer(815301076,1909f56bfc062723c751e8b465ee728b)
Start importing Assets/kenney_rpgurbanpack/Tilemap/tilemap.png using Guid(3af7d3cff3d414043ba6e9f3ae827ac1) Importer(815301076,1909f56bfc062723c751e8b465ee728b)  -> (artifact id: '1b3460e143d94b870bc271113f8886dc') in 0.884439 seconds
  Import took 0.888746 seconds .

========================================================================
Received Prepare
Registering precompiled user dll's ...
Registered in 0.001176 seconds.
Begin MonoManager ReloadAssembly
Native extension for WindowsStandalone target not found
Refreshing native plugins compatible for Editor in 0.46 ms, found 1 plugins.
Preloading 0 native plugins for Editor in 0.00 ms.
Mono: successfully reloaded assembly
- Completed reload, in  1.178 seconds
Platform modules already initialized, skipping
Refreshing native plugins compatible for Editor in 0.39 ms, found 1 plugins.
Preloading 0 native plugins for Editor in 0.00 ms.
Unloading 1805 Unused Serialized files (Serialized files now loaded: 0)
System memory in use before: 88.7 MB.
System memory in use after: 88.6 MB.

Unloading 12 unused Assets to reduce memory usage. Loaded Objects now: 2381.
Total: 2.209700 ms (FindLiveObjects: 0.383900 ms CreateObjectMapping: 0.074400 ms MarkObjects: 1.624600 ms  DeleteObjects: 0.125800 ms)

AssetImportWorkerClient::OnTransportError - code=2 error=End of file
